TN:
SF:src/application/services/AuthService.ts
FN:8,(anonymous_1)
FN:12,(anonymous_2)
FNF:2
FNH:2
FNDA:3,(anonymous_1)
FNDA:3,(anonymous_2)
DA:1,2
DA:2,2
DA:3,2
DA:6,3
DA:9,3
DA:13,3
DA:14,3
DA:15,2
DA:18,1
DA:21,1
DA:25,2
LF:11
LH:11
BRDA:14,0,0,2
BRDA:14,1,0,3
BRDA:14,1,1,2
BRF:3
BRH:3
end_of_record
TN:
SF:src/application/services/ProducerService.ts
FN:11,(anonymous_1)
FN:15,(anonymous_2)
FN:24,(anonymous_3)
FN:37,(anonymous_4)
FN:60,(anonymous_5)
FNF:5
FNH:0
FNDA:0,(anonymous_1)
FNDA:0,(anonymous_2)
FNDA:0,(anonymous_3)
FNDA:0,(anonymous_4)
FNDA:0,(anonymous_5)
DA:2,1
DA:4,1
DA:5,1
DA:6,1
DA:9,0
DA:12,0
DA:16,0
DA:17,0
DA:18,0
DA:20,0
DA:25,0
DA:27,0
DA:28,0
DA:29,0
DA:30,0
DA:31,0
DA:32,0
DA:34,0
DA:41,0
DA:42,0
DA:43,0
DA:44,0
DA:47,0
DA:49,0
DA:50,0
DA:51,0
DA:53,0
DA:54,0
DA:56,0
DA:61,0
DA:62,0
DA:63,0
DA:64,0
DA:67,0
DA:68,0
DA:70,0
DA:75,1
LF:37
LH:5
BRDA:43,0,0,0
BRDA:63,1,0,0
BRF:2
BRH:0
end_of_record
TN:
SF:src/domain/valueObjects/CpfCnpjValueObject.ts
FN:4,(anonymous_0)
FN:12,(anonymous_1)
FN:26,(anonymous_2)
FN:56,(anonymous_3)
FN:95,(anonymous_4)
FNF:5
FNH:0
FNDA:0,(anonymous_0)
FNDA:0,(anonymous_1)
FNDA:0,(anonymous_2)
FNDA:0,(anonymous_3)
FNDA:0,(anonymous_4)
DA:5,0
DA:7,0
DA:8,0
DA:13,0
DA:15,0
DA:16,0
DA:19,0
DA:20,0
DA:23,0
DA:27,0
DA:29,0
DA:32,0
DA:33,0
DA:35,0
DA:36,0
DA:37,0
DA:39,0
DA:42,0
DA:43,0
DA:44,0
DA:46,0
DA:47,0
DA:48,0
DA:50,0
DA:53,0
DA:57,0
DA:59,0
DA:60,0
DA:61,0
DA:62,0
DA:63,0
DA:66,0
DA:67,0
DA:68,0
DA:71,0
DA:72,0
DA:73,0
DA:75,0
DA:78,0
DA:79,0
DA:80,0
DA:81,0
DA:82,0
DA:85,0
DA:86,0
DA:87,0
DA:89,0
DA:92,0
DA:96,0
DA:100,1
LF:50
LH:1
BRDA:7,0,0,0
BRDA:15,1,0,0
BRDA:19,2,0,0
BRDA:27,3,0,0
BRDA:36,4,0,0
BRDA:36,4,1,0
BRDA:37,5,0,0
BRDA:39,6,0,0
BRDA:47,7,0,0
BRDA:47,7,1,0
BRDA:48,8,0,0
BRDA:50,9,0,0
BRDA:57,10,0,0
BRDA:68,11,0,0
BRDA:72,12,0,0
BRDA:72,12,1,0
BRDA:73,13,0,0
BRDA:75,14,0,0
BRDA:82,15,0,0
BRDA:86,16,0,0
BRDA:86,16,1,0
BRDA:87,17,0,0
BRDA:89,18,0,0
BRF:23
BRH:0
end_of_record
TN:
SF:src/infrastructure/database/data-source.ts
FNF:0
FNH:0
DA:1,3
DA:2,3
DA:3,3
DA:4,3
DA:5,3
DA:6,3
DA:7,3
DA:9,3
LF:8
LH:8
BRF:0
BRH:0
end_of_record
TN:
SF:src/infrastructure/database/entities/CropEntity.ts
FN:29,(anonymous_2)
FN:29,(anonymous_3)
FNF:2
FNH:0
FNDA:0,(anonymous_2)
FNDA:0,(anonymous_3)
DA:1,3
DA:10,3
DA:13,3
DA:15,3
DA:18,3
DA:21,3
DA:24,3
DA:27,3
DA:29,0
DA:30,3
LF:10
LH:9
BRF:0
BRH:0
end_of_record
TN:
SF:src/infrastructure/database/entities/FarmEntity.ts
FN:37,(anonymous_2)
FN:37,(anonymous_3)
FN:50,(anonymous_4)
FN:50,(anonymous_5)
FNF:4
FNH:0
FNDA:0,(anonymous_2)
FNDA:0,(anonymous_3)
FNDA:0,(anonymous_4)
FNDA:0,(anonymous_5)
DA:1,3
DA:14,3
DA:15,3
DA:18,3
DA:20,3
DA:23,3
DA:26,3
DA:29,3
DA:32,3
DA:35,3
DA:37,0
DA:39,3
DA:42,3
DA:45,3
DA:48,3
DA:50,0
DA:62,3
LF:17
LH:15
BRF:0
BRH:0
end_of_record
TN:
SF:src/infrastructure/database/entities/ProducerEntity.ts
FN:38,(anonymous_2)
FN:38,(anonymous_3)
FNF:2
FNH:0
FNDA:0,(anonymous_2)
FNDA:0,(anonymous_3)
DA:1,3
DA:10,3
DA:13,3
DA:15,3
DA:18,3
DA:21,3
DA:24,3
DA:27,3
DA:30,3
DA:33,3
DA:36,3
DA:38,0
DA:39,3
LF:13
LH:12
BRF:0
BRH:0
end_of_record
TN:
SF:src/infrastructure/database/migration/1731602156990-CreateProducer.ts
FN:4,(anonymous_0)
FN:51,(anonymous_1)
FNF:2
FNH:0
FNDA:0,(anonymous_0)
FNDA:0,(anonymous_1)
DA:1,3
DA:3,3
DA:5,0
DA:52,0
LF:4
LH:2
BRF:0
BRH:0
end_of_record
TN:
SF:src/infrastructure/database/migration/1731605242579-CreateCrops.ts
FN:4,(anonymous_0)
FN:38,(anonymous_1)
FNF:2
FNH:0
FNDA:0,(anonymous_0)
FNDA:0,(anonymous_1)
DA:1,3
DA:3,3
DA:5,0
DA:39,0
LF:4
LH:2
BRF:0
BRH:0
end_of_record
TN:
SF:src/infrastructure/database/migration/1731606890406-CreateFarmsAndFarmCrops.ts
FN:11,(anonymous_0)
FN:106,(anonymous_1)
FN:109,(anonymous_2)
FN:116,(anonymous_3)
FNF:4
FNH:0
FNDA:0,(anonymous_0)
FNDA:0,(anonymous_1)
FNDA:0,(anonymous_2)
FNDA:0,(anonymous_3)
DA:1,3
DA:8,3
DA:12,0
DA:64,0
DA:85,0
DA:95,0
DA:107,0
DA:108,0
DA:109,0
DA:111,0
DA:112,0
DA:115,0
DA:116,0
DA:118,0
DA:119,0
DA:122,0
DA:123,0
LF:17
LH:2
BRDA:111,0,0,0
BRDA:118,1,0,0
BRF:2
BRH:0
end_of_record
TN:
SF:src/infrastructure/repositories/ProducerRepository.ts
FN:9,(anonymous_0)
FN:13,(anonymous_1)
FN:17,(anonymous_2)
FN:21,(anonymous_3)
FN:25,(anonymous_4)
FN:33,(anonymous_5)
FN:44,(anonymous_6)
FNF:7
FNH:0
FNDA:0,(anonymous_0)
FNDA:0,(anonymous_1)
FNDA:0,(anonymous_2)
FNDA:0,(anonymous_3)
FNDA:0,(anonymous_4)
FNDA:0,(anonymous_5)
FNDA:0,(anonymous_6)
DA:3,3
DA:4,3
DA:10,0
DA:14,0
DA:18,0
DA:22,0
DA:26,0
DA:27,0
DA:28,0
DA:30,0
DA:34,0
DA:35,0
DA:36,0
DA:39,0
DA:40,0
DA:41,0
DA:45,0
DA:49,3
LF:18
LH:3
BRDA:27,0,0,0
BRDA:35,1,0,0
BRF:2
BRH:0
end_of_record
TN:
SF:src/presentation/controllers/AuthController.ts
FN:6,(anonymous_1)
FN:10,(anonymous_2)
FN:26,(anonymous_3)
FNF:3
FNH:3
FNDA:1,(anonymous_1)
FNDA:2,(anonymous_2)
FNDA:2,(anonymous_3)
DA:2,1
DA:4,1
DA:7,1
DA:8,1
DA:10,1
DA:14,2
DA:15,2
DA:16,2
DA:18,1
DA:22,1
DA:26,1
DA:30,2
DA:31,2
DA:32,1
DA:34,1
DA:36,1
DA:41,1
LF:17
LH:17
BRF:0
BRH:0
end_of_record
